# JRE version: OpenJDK Runtime Environment (21.0.6) (build 21.0.6+-13355223-b631.42)
# Java VM: OpenJDK 64-Bit Server VM (21.0.6+-13355223-b631.42, mixed mode, tiered, compressed oops, compressed class ptrs, g1 gc, windows-amd64)
GC Precious Log:
 CardTable entry size: 512
 Card Set container configuration: InlinePtr #cards 5 size 8 Array Of Cards #cards 12 size 40 Howl #buckets 4 coarsen threshold 1843 Howl Bitmap #cards 512 size 80 coarsen threshold 460 Card regions per heap region 1 cards per card region 2048
 CPUs: 4 total, 4 available
 Memory: 3503M
 Large Page Support: Disabled
 NUMA Support: Disabled
 Compressed Oops: Enabled (32-bit)
 Heap Region Size: 1M
 Heap Min Capacity: 8M
 Heap Initial Capacity: 56M
 Heap Max Capacity: 2G
 Pre-touch: Disabled
 Parallel Workers: 4
 Concurrent Workers: 1
 Concurrent Refinement Workers: 4
 Periodic GC: Disabled
Heap:
 garbage-first heap   total 497664K, used 393216K [0x0000000080000000, 0x0000000100000000)
  region size 1024K, 9 young (9216K), 9 survivors (9216K)
 Metaspace       used 177085K, committed 179648K, reserved 1245184K
  class space    used 22847K, committed 24128K, reserved 1048576K
GC Heap History (20 events):
Event: 289.443 GC heap after
{Heap after GC invocations=93 (full 0):
 garbage-first heap   total 389120K, used 226913K [0x0000000080000000, 0x0000000100000000)
  region size 1024K, 11 young (11264K), 11 survivors (11264K)
 Metaspace       used 174731K, committed 177280K, reserved 1245184K
  class space    used 22602K, committed 23872K, reserved 1048576K
}
Event: 290.033 GC heap before
{Heap before GC invocations=93 (full 0):
 garbage-first heap   total 389120K, used 301665K [0x0000000080000000, 0x0000000100000000)
  region size 1024K, 85 young (87040K), 11 survivors (11264K)
 Metaspace       used 174826K, committed 177408K, reserved 1245184K
  class space    used 22603K, committed 23872K, reserved 1048576K
}
Event: 290.055 GC heap after
{Heap after GC invocations=94 (full 0):
 garbage-first heap   total 389120K, used 227570K [0x0000000080000000, 0x0000000100000000)
  region size 1024K, 4 young (4096K), 4 survivors (4096K)
 Metaspace       used 174826K, committed 177408K, reserved 1245184K
  class space    used 22603K, committed 23872K, reserved 1048576K
}
Event: 315.654 GC heap before
{Heap before GC invocations=95 (full 0):
 garbage-first heap   total 389120K, used 324850K [0x0000000080000000, 0x0000000100000000)
  region size 1024K, 130 young (133120K), 4 survivors (4096K)
 Metaspace       used 176088K, committed 178688K, reserved 1245184K
  class space    used 22762K, committed 24064K, reserved 1048576K
}
Event: 315.732 GC heap after
{Heap after GC invocations=96 (full 0):
 garbage-first heap   total 389120K, used 202507K [0x0000000080000000, 0x0000000100000000)
  region size 1024K, 11 young (11264K), 11 survivors (11264K)
 Metaspace       used 176088K, committed 178688K, reserved 1245184K
  class space    used 22762K, committed 24064K, reserved 1048576K
}
Event: 318.240 GC heap before
{Heap before GC invocations=96 (full 0):
 garbage-first heap   total 389120K, used 387851K [0x0000000080000000, 0x0000000100000000)
  region size 1024K, 106 young (108544K), 11 survivors (11264K)
 Metaspace       used 176326K, committed 178880K, reserved 1245184K
  class space    used 22772K, committed 24064K, reserved 1048576K
}
Event: 318.314 GC heap after
{Heap after GC invocations=97 (full 0):
 garbage-first heap   total 404480K, used 229656K [0x0000000080000000, 0x0000000100000000)
  region size 1024K, 10 young (10240K), 10 survivors (10240K)
 Metaspace       used 176326K, committed 178880K, reserved 1245184K
  class space    used 22772K, committed 24064K, reserved 1048576K
}
Event: 318.404 GC heap before
{Heap before GC invocations=97 (full 0):
 garbage-first heap   total 404480K, used 238872K [0x0000000080000000, 0x0000000100000000)
  region size 1024K, 20 young (20480K), 10 survivors (10240K)
 Metaspace       used 176329K, committed 178944K, reserved 1245184K
  class space    used 22772K, committed 24064K, reserved 1048576K
}
Event: 318.440 GC heap after
{Heap after GC invocations=98 (full 0):
 garbage-first heap   total 404480K, used 233324K [0x0000000080000000, 0x0000000100000000)
  region size 1024K, 13 young (13312K), 13 survivors (13312K)
 Metaspace       used 176329K, committed 178944K, reserved 1245184K
  class space    used 22772K, committed 24064K, reserved 1048576K
}
Event: 321.550 GC heap before
{Heap before GC invocations=99 (full 0):
 garbage-first heap   total 404480K, used 337772K [0x0000000080000000, 0x0000000100000000)
  region size 1024K, 109 young (111616K), 13 survivors (13312K)
 Metaspace       used 176682K, committed 179264K, reserved 1245184K
  class space    used 22809K, committed 24128K, reserved 1048576K
}
Event: 321.699 GC heap after
{Heap after GC invocations=100 (full 0):
 garbage-first heap   total 404480K, used 273085K [0x0000000080000000, 0x0000000100000000)
  region size 1024K, 14 young (14336K), 14 survivors (14336K)
 Metaspace       used 176682K, committed 179264K, reserved 1245184K
  class space    used 22809K, committed 24128K, reserved 1048576K
}
Event: 322.672 GC heap before
{Heap before GC invocations=100 (full 0):
 garbage-first heap   total 404480K, used 344765K [0x0000000080000000, 0x0000000100000000)
  region size 1024K, 85 young (87040K), 14 survivors (14336K)
 Metaspace       used 176934K, committed 179520K, reserved 1245184K
  class space    used 22832K, committed 24128K, reserved 1048576K
}
Event: 322.884 GC heap after
{Heap after GC invocations=101 (full 0):
 garbage-first heap   total 497664K, used 306176K [0x0000000080000000, 0x0000000100000000)
  region size 1024K, 11 young (11264K), 11 survivors (11264K)
 Metaspace       used 176934K, committed 179520K, reserved 1245184K
  class space    used 22832K, committed 24128K, reserved 1048576K
}
Event: 324.463 GC heap before
{Heap before GC invocations=101 (full 0):
 garbage-first heap   total 497664K, used 406528K [0x0000000080000000, 0x0000000100000000)
  region size 1024K, 108 young (110592K), 11 survivors (11264K)
 Metaspace       used 176986K, committed 179584K, reserved 1245184K
  class space    used 22839K, committed 24128K, reserved 1048576K
}
Event: 325.198 GC heap after
{Heap after GC invocations=102 (full 0):
 garbage-first heap   total 497664K, used 356864K [0x0000000080000000, 0x0000000100000000)
  region size 1024K, 14 young (14336K), 14 survivors (14336K)
 Metaspace       used 176986K, committed 179584K, reserved 1245184K
  class space    used 22839K, committed 24128K, reserved 1048576K
}
Event: 325.409 GC heap before
{Heap before GC invocations=102 (full 0):
 garbage-first heap   total 497664K, used 368128K [0x0000000080000000, 0x0000000100000000)
  region size 1024K, 24 young (24576K), 14 survivors (14336K)
 Metaspace       used 176989K, committed 179584K, reserved 1245184K
  class space    used 22840K, committed 24128K, reserved 1048576K
}
Event: 325.533 GC heap after
{Heap after GC invocations=103 (full 0):
 garbage-first heap   total 497664K, used 364032K [0x0000000080000000, 0x0000000100000000)
  region size 1024K, 3 young (3072K), 3 survivors (3072K)
 Metaspace       used 176989K, committed 179584K, reserved 1245184K
  class space    used 22840K, committed 24128K, reserved 1048576K
}
Event: 325.584 GC heap before
{Heap before GC invocations=103 (full 0):
 garbage-first heap   total 497664K, used 368128K [0x0000000080000000, 0x0000000100000000)
  region size 1024K, 8 young (8192K), 3 survivors (3072K)
 Metaspace       used 176992K, committed 179584K, reserved 1245184K
  class space    used 22840K, committed 24128K, reserved 1048576K
}
Event: 326.215 GC heap after
{Heap after GC invocations=104 (full 0):
 garbage-first heap   total 497664K, used 367104K [0x0000000080000000, 0x0000000100000000)
  region size 1024K, 6 young (6144K), 6 survivors (6144K)
 Metaspace       used 176992K, committed 179584K, reserved 1245184K
  class space    used 22840K, committed 24128K, reserved 1048576K
}
Event: 328.942 GC heap before
{Heap before GC invocations=104 (full 0):
 garbage-first heap   total 497664K, used 430592K [0x0000000080000000, 0x0000000100000000)
  region size 1024K, 65 young (66560K), 6 survivors (6144K)
 Metaspace       used 177085K, committed 179648K, reserved 1245184K
  class space    used 22847K, committed 24128K, reserved 1048576K
}

