# JRE version: OpenJDK Runtime Environment (21.0.6) (build 21.0.6+-13355223-b631.42)
# Java VM: OpenJDK 64-Bit Server VM (21.0.6+-13355223-b631.42, mixed mode, tiered, compressed oops, compressed class ptrs, g1 gc, windows-amd64)
GC Precious Log:
 CardTable entry size: 512
 Card Set container configuration: InlinePtr #cards 5 size 8 Array Of Cards #cards 12 size 40 Howl #buckets 4 coarsen threshold 1843 Howl Bitmap #cards 512 size 80 coarsen threshold 460 Card regions per heap region 1 cards per card region 2048
 CPUs: 4 total, 4 available
 Memory: 3503M
 Large Page Support: Disabled
 NUMA Support: Disabled
 Compressed Oops: Enabled (32-bit)
 Heap Region Size: 1M
 Heap Min Capacity: 8M
 Heap Initial Capacity: 56M
 Heap Max Capacity: 2G
 Pre-touch: Disabled
 Parallel Workers: 4
 Concurrent Workers: 1
 Concurrent Refinement Workers: 4
 Periodic GC: Disabled
Heap:
 garbage-first heap   total 254976K, used 222642K [0x0000000080000000, 0x0000000100000000)
  region size 1024K, 73 young (74752K), 12 survivors (12288K)
 Metaspace       used 157089K, committed 159552K, reserved 1245184K
  class space    used 20836K, committed 22080K, reserved 1048576K
GC Heap History (20 events):
Event: 55.319 GC heap before
{Heap before GC invocations=67 (full 0):
 garbage-first heap   total 222208K, used 189330K [0x0000000080000000, 0x0000000100000000)
  region size 1024K, 65 young (66560K), 9 survivors (9216K)
 Metaspace       used 123465K, committed 125760K, reserved 1179648K
  class space    used 16557K, committed 17728K, reserved 1048576K
}
Event: 55.337 GC heap after
{Heap after GC invocations=68 (full 0):
 garbage-first heap   total 222208K, used 135409K [0x0000000080000000, 0x0000000100000000)
  region size 1024K, 6 young (6144K), 6 survivors (6144K)
 Metaspace       used 123465K, committed 125760K, reserved 1179648K
  class space    used 16557K, committed 17728K, reserved 1048576K
}
Event: 69.239 GC heap before
{Heap before GC invocations=68 (full 0):
 garbage-first heap   total 222208K, used 201969K [0x0000000080000000, 0x0000000100000000)
  region size 1024K, 72 young (73728K), 6 survivors (6144K)
 Metaspace       used 123901K, committed 126272K, reserved 1179648K
  class space    used 16629K, committed 17792K, reserved 1048576K
}
Event: 69.301 GC heap after
{Heap after GC invocations=69 (full 0):
 garbage-first heap   total 222208K, used 135590K [0x0000000080000000, 0x0000000100000000)
  region size 1024K, 7 young (7168K), 7 survivors (7168K)
 Metaspace       used 123901K, committed 126272K, reserved 1179648K
  class space    used 16629K, committed 17792K, reserved 1048576K
}
Event: 70.119 GC heap before
{Heap before GC invocations=69 (full 0):
 garbage-first heap   total 222208K, used 141734K [0x0000000080000000, 0x0000000100000000)
  region size 1024K, 15 young (15360K), 7 survivors (7168K)
 Metaspace       used 124082K, committed 126400K, reserved 1179648K
  class space    used 16651K, committed 17792K, reserved 1048576K
}
Event: 70.139 GC heap after
{Heap after GC invocations=70 (full 0):
 garbage-first heap   total 222208K, used 135796K [0x0000000080000000, 0x0000000100000000)
  region size 1024K, 5 young (5120K), 5 survivors (5120K)
 Metaspace       used 124082K, committed 126400K, reserved 1179648K
  class space    used 16651K, committed 17792K, reserved 1048576K
}
Event: 76.184 GC heap before
{Heap before GC invocations=71 (full 0):
 garbage-first heap   total 230400K, used 197236K [0x0000000080000000, 0x0000000100000000)
  region size 1024K, 64 young (65536K), 5 survivors (5120K)
 Metaspace       used 129410K, committed 131840K, reserved 1179648K
  class space    used 17404K, committed 18624K, reserved 1048576K
}
Event: 76.265 GC heap after
{Heap after GC invocations=72 (full 0):
 garbage-first heap   total 230400K, used 143558K [0x0000000080000000, 0x0000000100000000)
  region size 1024K, 8 young (8192K), 8 survivors (8192K)
 Metaspace       used 129410K, committed 131840K, reserved 1179648K
  class space    used 17404K, committed 18624K, reserved 1048576K
}
Event: 83.122 GC heap before
{Heap before GC invocations=72 (full 0):
 garbage-first heap   total 230400K, used 203974K [0x0000000080000000, 0x0000000100000000)
  region size 1024K, 68 young (69632K), 8 survivors (8192K)
 Metaspace       used 137098K, committed 139520K, reserved 1179648K
  class space    used 18585K, committed 19840K, reserved 1048576K
}
Event: 83.199 GC heap after
{Heap after GC invocations=73 (full 0):
 garbage-first heap   total 230400K, used 146138K [0x0000000080000000, 0x0000000100000000)
  region size 1024K, 4 young (4096K), 4 survivors (4096K)
 Metaspace       used 137098K, committed 139520K, reserved 1179648K
  class space    used 18585K, committed 19840K, reserved 1048576K
}
Event: 86.760 GC heap before
{Heap before GC invocations=73 (full 0):
 garbage-first heap   total 230400K, used 206554K [0x0000000080000000, 0x0000000100000000)
  region size 1024K, 64 young (65536K), 4 survivors (4096K)
 Metaspace       used 140384K, committed 142784K, reserved 1179648K
  class space    used 18926K, committed 20160K, reserved 1048576K
}
Event: 86.807 GC heap after
{Heap after GC invocations=74 (full 0):
 garbage-first heap   total 230400K, used 146584K [0x0000000080000000, 0x0000000100000000)
  region size 1024K, 4 young (4096K), 4 survivors (4096K)
 Metaspace       used 140384K, committed 142784K, reserved 1179648K
  class space    used 18926K, committed 20160K, reserved 1048576K
}
Event: 94.065 GC heap before
{Heap before GC invocations=75 (full 0):
 garbage-first heap   total 245760K, used 210072K [0x0000000080000000, 0x0000000100000000)
  region size 1024K, 67 young (68608K), 4 survivors (4096K)
 Metaspace       used 143131K, committed 145536K, reserved 1179648K
  class space    used 19381K, committed 20608K, reserved 1048576K
}
Event: 94.083 GC heap after
{Heap after GC invocations=76 (full 0):
 garbage-first heap   total 245760K, used 150243K [0x0000000080000000, 0x0000000100000000)
  region size 1024K, 8 young (8192K), 8 survivors (8192K)
 Metaspace       used 143131K, committed 145536K, reserved 1179648K
  class space    used 19381K, committed 20608K, reserved 1048576K
}
Event: 101.443 GC heap before
{Heap before GC invocations=76 (full 0):
 garbage-first heap   total 245760K, used 243427K [0x0000000080000000, 0x0000000100000000)
  region size 1024K, 74 young (75776K), 8 survivors (8192K)
 Metaspace       used 148321K, committed 150848K, reserved 1179648K
  class space    used 20055K, committed 21312K, reserved 1048576K
}
Event: 101.489 GC heap after
{Heap after GC invocations=77 (full 0):
 garbage-first heap   total 254976K, used 148585K [0x0000000080000000, 0x0000000100000000)
  region size 1024K, 5 young (5120K), 5 survivors (5120K)
 Metaspace       used 148321K, committed 150848K, reserved 1179648K
  class space    used 20055K, committed 21312K, reserved 1048576K
}
Event: 1497.172 GC heap before
{Heap before GC invocations=77 (full 0):
 garbage-first heap   total 254976K, used 232553K [0x0000000080000000, 0x0000000100000000)
  region size 1024K, 88 young (90112K), 5 survivors (5120K)
 Metaspace       used 153384K, committed 155840K, reserved 1245184K
  class space    used 20482K, committed 21696K, reserved 1048576K
}
Event: 1497.363 GC heap after
{Heap after GC invocations=78 (full 0):
 garbage-first heap   total 254976K, used 149278K [0x0000000080000000, 0x0000000100000000)
  region size 1024K, 6 young (6144K), 6 survivors (6144K)
 Metaspace       used 153384K, committed 155840K, reserved 1245184K
  class space    used 20482K, committed 21696K, reserved 1048576K
}
Event: 1502.743 GC heap before
{Heap before GC invocations=79 (full 0):
 garbage-first heap   total 254976K, used 234270K [0x0000000080000000, 0x0000000100000000)
  region size 1024K, 89 young (91136K), 6 survivors (6144K)
 Metaspace       used 153870K, committed 156352K, reserved 1245184K
  class space    used 20478K, committed 21696K, reserved 1048576K
}
Event: 1502.830 GC heap after
{Heap after GC invocations=80 (full 0):
 garbage-first heap   total 254976K, used 159154K [0x0000000080000000, 0x0000000100000000)
  region size 1024K, 12 young (12288K), 12 survivors (12288K)
 Metaspace       used 153870K, committed 156352K, reserved 1245184K
  class space    used 20478K, committed 21696K, reserved 1048576K
}

