# JRE version: OpenJDK Runtime Environment (21.0.6) (build 21.0.6+-13355223-b631.42)
# Java VM: OpenJDK 64-Bit Server VM (21.0.6+-13355223-b631.42, mixed mode, tiered, compressed oops, compressed class ptrs, g1 gc, windows-amd64)
GC Precious Log:
 CardTable entry size: 512
 Card Set container configuration: InlinePtr #cards 5 size 8 Array Of Cards #cards 12 size 40 Howl #buckets 4 coarsen threshold 1843 Howl Bitmap #cards 512 size 80 coarsen threshold 460 Card regions per heap region 1 cards per card region 2048
 CPUs: 4 total, 4 available
 Memory: 3503M
 Large Page Support: Disabled
 NUMA Support: Disabled
 Compressed Oops: Enabled (32-bit)
 Heap Region Size: 1M
 Heap Min Capacity: 8M
 Heap Initial Capacity: 56M
 Heap Max Capacity: 2G
 Pre-touch: Disabled
 Parallel Workers: 4
 Concurrent Workers: 1
 Concurrent Refinement Workers: 4
 Periodic GC: Disabled
Heap:
 garbage-first heap   total 138240K, used 113126K [0x0000000080000000, 0x0000000100000000)
  region size 1024K, 30 young (30720K), 3 survivors (3072K)
 Metaspace       used 91104K, committed 93056K, reserved 1179648K
  class space    used 12150K, committed 13120K, reserved 1048576K
GC Heap History (20 events):
Event: 41.004 GC heap before
{Heap before GC invocations=34 (full 0):
 garbage-first heap   total 86016K, used 75527K [0x0000000080000000, 0x0000000100000000)
  region size 1024K, 29 young (29696K), 4 survivors (4096K)
 Metaspace       used 67021K, committed 68608K, reserved 1114112K
  class space    used 9070K, committed 9856K, reserved 1048576K
}
Event: 41.010 GC heap after
{Heap after GC invocations=35 (full 0):
 garbage-first heap   total 86016K, used 50815K [0x0000000080000000, 0x0000000100000000)
  region size 1024K, 4 young (4096K), 4 survivors (4096K)
 Metaspace       used 67021K, committed 68608K, reserved 1114112K
  class space    used 9070K, committed 9856K, reserved 1048576K
}
Event: 44.734 GC heap before
{Heap before GC invocations=35 (full 0):
 garbage-first heap   total 87040K, used 84607K [0x0000000080000000, 0x0000000100000000)
  region size 1024K, 25 young (25600K), 4 survivors (4096K)
 Metaspace       used 67797K, committed 69504K, reserved 1114112K
  class space    used 9196K, committed 10048K, reserved 1048576K
}
Event: 44.746 GC heap after
{Heap after GC invocations=36 (full 0):
 garbage-first heap   total 97280K, used 68552K [0x0000000080000000, 0x0000000100000000)
  region size 1024K, 4 young (4096K), 4 survivors (4096K)
 Metaspace       used 67797K, committed 69504K, reserved 1114112K
  class space    used 9196K, committed 10048K, reserved 1048576K
}
Event: 45.384 GC heap before
{Heap before GC invocations=36 (full 0):
 garbage-first heap   total 97280K, used 80840K [0x0000000080000000, 0x0000000100000000)
  region size 1024K, 18 young (18432K), 4 survivors (4096K)
 Metaspace       used 68827K, committed 70592K, reserved 1114112K
  class space    used 9317K, committed 10176K, reserved 1048576K
}
Event: 45.392 GC heap after
{Heap after GC invocations=37 (full 0):
 garbage-first heap   total 97280K, used 70342K [0x0000000080000000, 0x0000000100000000)
  region size 1024K, 2 young (2048K), 2 survivors (2048K)
 Metaspace       used 68827K, committed 70592K, reserved 1114112K
  class space    used 9317K, committed 10176K, reserved 1048576K
}
Event: 46.117 GC heap before
{Heap before GC invocations=38 (full 0):
 garbage-first heap   total 121856K, used 85702K [0x0000000080000000, 0x0000000100000000)
  region size 1024K, 17 young (17408K), 2 survivors (2048K)
 Metaspace       used 70095K, committed 71872K, reserved 1114112K
  class space    used 9482K, committed 10368K, reserved 1048576K
}
Event: 46.121 GC heap after
{Heap after GC invocations=39 (full 0):
 garbage-first heap   total 121856K, used 71319K [0x0000000080000000, 0x0000000100000000)
  region size 1024K, 2 young (2048K), 2 survivors (2048K)
 Metaspace       used 70095K, committed 71872K, reserved 1114112K
  class space    used 9482K, committed 10368K, reserved 1048576K
}
Event: 47.897 GC heap before
{Heap before GC invocations=39 (full 0):
 garbage-first heap   total 121856K, used 104087K [0x0000000080000000, 0x0000000100000000)
  region size 1024K, 35 young (35840K), 2 survivors (2048K)
 Metaspace       used 73754K, committed 75520K, reserved 1179648K
  class space    used 9875K, committed 10752K, reserved 1048576K
}
Event: 47.904 GC heap after
{Heap after GC invocations=40 (full 0):
 garbage-first heap   total 121856K, used 71645K [0x0000000080000000, 0x0000000100000000)
  region size 1024K, 3 young (3072K), 3 survivors (3072K)
 Metaspace       used 73754K, committed 75520K, reserved 1179648K
  class space    used 9875K, committed 10752K, reserved 1048576K
}
Event: 49.930 GC heap before
{Heap before GC invocations=40 (full 0):
 garbage-first heap   total 121856K, used 107485K [0x0000000080000000, 0x0000000100000000)
  region size 1024K, 38 young (38912K), 3 survivors (3072K)
 Metaspace       used 77670K, committed 79488K, reserved 1179648K
  class space    used 10375K, committed 11264K, reserved 1048576K
}
Event: 49.936 GC heap after
{Heap after GC invocations=41 (full 0):
 garbage-first heap   total 121856K, used 73083K [0x0000000080000000, 0x0000000100000000)
  region size 1024K, 4 young (4096K), 4 survivors (4096K)
 Metaspace       used 77670K, committed 79488K, reserved 1179648K
  class space    used 10375K, committed 11264K, reserved 1048576K
}
Event: 51.732 GC heap before
{Heap before GC invocations=42 (full 0):
 garbage-first heap   total 122880K, used 116091K [0x0000000080000000, 0x0000000100000000)
  region size 1024K, 41 young (41984K), 4 survivors (4096K)
 Metaspace       used 80597K, committed 82432K, reserved 1179648K
  class space    used 10754K, committed 11648K, reserved 1048576K
}
Event: 51.743 GC heap after
{Heap after GC invocations=43 (full 0):
 garbage-first heap   total 124928K, used 78647K [0x0000000080000000, 0x0000000100000000)
  region size 1024K, 6 young (6144K), 6 survivors (6144K)
 Metaspace       used 80597K, committed 82432K, reserved 1179648K
  class space    used 10754K, committed 11648K, reserved 1048576K
}
Event: 52.683 GC heap before
{Heap before GC invocations=43 (full 0):
 garbage-first heap   total 124928K, used 111415K [0x0000000080000000, 0x0000000100000000)
  region size 1024K, 38 young (38912K), 6 survivors (6144K)
 Metaspace       used 83114K, committed 85056K, reserved 1179648K
  class space    used 11069K, committed 12032K, reserved 1048576K
}
Event: 52.696 GC heap after
{Heap after GC invocations=44 (full 0):
 garbage-first heap   total 124928K, used 80697K [0x0000000080000000, 0x0000000100000000)
  region size 1024K, 2 young (2048K), 2 survivors (2048K)
 Metaspace       used 83114K, committed 85056K, reserved 1179648K
  class space    used 11069K, committed 12032K, reserved 1048576K
}
Event: 55.322 GC heap before
{Heap before GC invocations=44 (full 0):
 garbage-first heap   total 124928K, used 114489K [0x0000000080000000, 0x0000000100000000)
  region size 1024K, 35 young (35840K), 2 survivors (2048K)
 Metaspace       used 86912K, committed 88896K, reserved 1179648K
  class space    used 11568K, committed 12544K, reserved 1048576K
}
Event: 55.329 GC heap after
{Heap after GC invocations=45 (full 0):
 garbage-first heap   total 124928K, used 82093K [0x0000000080000000, 0x0000000100000000)
  region size 1024K, 4 young (4096K), 4 survivors (4096K)
 Metaspace       used 86912K, committed 88896K, reserved 1179648K
  class space    used 11568K, committed 12544K, reserved 1048576K
}
Event: 57.661 GC heap before
{Heap before GC invocations=46 (full 0):
 garbage-first heap   total 138240K, used 111789K [0x0000000080000000, 0x0000000100000000)
  region size 1024K, 33 young (33792K), 4 survivors (4096K)
 Metaspace       used 89233K, committed 91136K, reserved 1179648K
  class space    used 11867K, committed 12800K, reserved 1048576K
}
Event: 57.669 GC heap after
{Heap after GC invocations=47 (full 0):
 garbage-first heap   total 138240K, used 83430K [0x0000000080000000, 0x0000000100000000)
  region size 1024K, 3 young (3072K), 3 survivors (3072K)
 Metaspace       used 89233K, committed 91136K, reserved 1179648K
  class space    used 11867K, committed 12800K, reserved 1048576K
}

