# JRE version: OpenJDK Runtime Environment (21.0.6) (build 21.0.6+-13355223-b631.42)
# Java VM: OpenJDK 64-Bit Server VM (21.0.6+-13355223-b631.42, mixed mode, tiered, compressed oops, compressed class ptrs, g1 gc, windows-amd64)
GC Precious Log:
 CardTable entry size: 512
 Card Set container configuration: InlinePtr #cards 5 size 8 Array Of Cards #cards 12 size 40 Howl #buckets 4 coarsen threshold 1843 Howl Bitmap #cards 512 size 80 coarsen threshold 460 Card regions per heap region 1 cards per card region 2048
 CPUs: 4 total, 4 available
 Memory: 3503M
 Large Page Support: Disabled
 NUMA Support: Disabled
 Compressed Oops: Enabled (32-bit)
 Heap Region Size: 1M
 Heap Min Capacity: 8M
 Heap Initial Capacity: 56M
 Heap Max Capacity: 2G
 Pre-touch: Disabled
 Parallel Workers: 4
 Concurrent Workers: 1
 Concurrent Refinement Workers: 4
 Periodic GC: Disabled
Heap:
 garbage-first heap   total 286720K, used 197461K [0x0000000080000000, 0x0000000100000000)
  region size 1024K, 33 young (33792K), 8 survivors (8192K)
 Metaspace       used 130303K, committed 132672K, reserved 1179648K
  class space    used 17098K, committed 18304K, reserved 1048576K
GC Heap History (20 events):
Event: 35.559 GC heap before
{Heap before GC invocations=61 (full 0):
 garbage-first heap   total 196608K, used 180135K [0x0000000080000000, 0x0000000100000000)
  region size 1024K, 72 young (73728K), 9 survivors (9216K)
 Metaspace       used 118258K, committed 120448K, reserved 1179648K
  class space    used 15838K, committed 16960K, reserved 1048576K
}
Event: 35.615 GC heap after
{Heap after GC invocations=62 (full 0):
 garbage-first heap   total 202752K, used 120832K [0x0000000080000000, 0x0000000100000000)
  region size 1024K, 9 young (9216K), 9 survivors (9216K)
 Metaspace       used 118258K, committed 120448K, reserved 1179648K
  class space    used 15838K, committed 16960K, reserved 1048576K
}
Event: 37.093 GC heap before
{Heap before GC invocations=62 (full 0):
 garbage-first heap   total 202752K, used 182272K [0x0000000080000000, 0x0000000100000000)
  region size 1024K, 69 young (70656K), 9 survivors (9216K)
 Metaspace       used 118272K, committed 120512K, reserved 1179648K
  class space    used 15839K, committed 16960K, reserved 1048576K
}
Event: 37.112 GC heap after
{Heap after GC invocations=63 (full 0):
 garbage-first heap   total 202752K, used 123713K [0x0000000080000000, 0x0000000100000000)
  region size 1024K, 5 young (5120K), 5 survivors (5120K)
 Metaspace       used 118272K, committed 120512K, reserved 1179648K
  class space    used 15839K, committed 16960K, reserved 1048576K
}
Event: 39.077 GC heap before
{Heap before GC invocations=64 (full 0):
 garbage-first heap   total 206848K, used 183105K [0x0000000080000000, 0x0000000100000000)
  region size 1024K, 64 young (65536K), 5 survivors (5120K)
 Metaspace       used 120579K, committed 122816K, reserved 1179648K
  class space    used 16161K, committed 17280K, reserved 1048576K
}
Event: 39.090 GC heap after
{Heap after GC invocations=65 (full 0):
 garbage-first heap   total 206848K, used 125952K [0x0000000080000000, 0x0000000100000000)
  region size 1024K, 7 young (7168K), 7 survivors (7168K)
 Metaspace       used 120579K, committed 122816K, reserved 1179648K
  class space    used 16161K, committed 17280K, reserved 1048576K
}
Event: 41.090 GC heap before
{Heap before GC invocations=65 (full 0):
 garbage-first heap   total 206848K, used 196608K [0x0000000080000000, 0x0000000100000000)
  region size 1024K, 68 young (69632K), 7 survivors (7168K)
 Metaspace       used 121024K, committed 123264K, reserved 1179648K
  class space    used 16161K, committed 17280K, reserved 1048576K
}
Event: 41.127 GC heap after
{Heap after GC invocations=66 (full 0):
 garbage-first heap   total 227328K, used 146266K [0x0000000080000000, 0x0000000100000000)
  region size 1024K, 9 young (9216K), 9 survivors (9216K)
 Metaspace       used 121024K, committed 123264K, reserved 1179648K
  class space    used 16161K, committed 17280K, reserved 1048576K
}
Event: 41.833 GC heap before
{Heap before GC invocations=66 (full 0):
 garbage-first heap   total 227328K, used 175962K [0x0000000080000000, 0x0000000100000000)
  region size 1024K, 39 young (39936K), 9 survivors (9216K)
 Metaspace       used 121488K, committed 123712K, reserved 1179648K
  class space    used 16207K, committed 17344K, reserved 1048576K
}
Event: 41.861 GC heap after
{Heap after GC invocations=67 (full 0):
 garbage-first heap   total 227328K, used 155648K [0x0000000080000000, 0x0000000100000000)
  region size 1024K, 8 young (8192K), 8 survivors (8192K)
 Metaspace       used 121488K, committed 123712K, reserved 1179648K
  class space    used 16207K, committed 17344K, reserved 1048576K
}
Event: 43.770 GC heap before
{Heap before GC invocations=68 (full 0):
 garbage-first heap   total 261120K, used 203776K [0x0000000080000000, 0x0000000100000000)
  region size 1024K, 48 young (49152K), 8 survivors (8192K)
 Metaspace       used 124162K, committed 126464K, reserved 1179648K
  class space    used 16513K, committed 17664K, reserved 1048576K
}
Event: 43.793 GC heap after
{Heap after GC invocations=69 (full 0):
 garbage-first heap   total 261120K, used 160320K [0x0000000080000000, 0x0000000100000000)
  region size 1024K, 5 young (5120K), 5 survivors (5120K)
 Metaspace       used 124162K, committed 126464K, reserved 1179648K
  class space    used 16513K, committed 17664K, reserved 1048576K
}
Event: 45.850 GC heap before
{Heap before GC invocations=69 (full 0):
 garbage-first heap   total 261120K, used 246336K [0x0000000080000000, 0x0000000100000000)
  region size 1024K, 65 young (66560K), 5 survivors (5120K)
 Metaspace       used 124947K, committed 127232K, reserved 1179648K
  class space    used 16589K, committed 17728K, reserved 1048576K
}
Event: 45.869 GC heap after
{Heap after GC invocations=70 (full 0):
 garbage-first heap   total 261120K, used 164643K [0x0000000080000000, 0x0000000100000000)
  region size 1024K, 9 young (9216K), 9 survivors (9216K)
 Metaspace       used 124947K, committed 127232K, reserved 1179648K
  class space    used 16589K, committed 17728K, reserved 1048576K
}
Event: 46.806 GC heap before
{Heap before GC invocations=70 (full 0):
 garbage-first heap   total 261120K, used 226083K [0x0000000080000000, 0x0000000100000000)
  region size 1024K, 70 young (71680K), 9 survivors (9216K)
 Metaspace       used 128332K, committed 130688K, reserved 1179648K
  class space    used 16906K, committed 18112K, reserved 1048576K
}
Event: 46.832 GC heap after
{Heap after GC invocations=71 (full 0):
 garbage-first heap   total 261120K, used 171436K [0x0000000080000000, 0x0000000100000000)
  region size 1024K, 6 young (6144K), 6 survivors (6144K)
 Metaspace       used 128332K, committed 130688K, reserved 1179648K
  class space    used 16906K, committed 18112K, reserved 1048576K
}
Event: 47.718 GC heap before
{Heap before GC invocations=72 (full 0):
 garbage-first heap   total 286720K, used 231852K [0x0000000080000000, 0x0000000100000000)
  region size 1024K, 65 young (66560K), 6 survivors (6144K)
 Metaspace       used 128938K, committed 131264K, reserved 1179648K
  class space    used 16962K, committed 18176K, reserved 1048576K
}
Event: 47.727 GC heap after
{Heap after GC invocations=73 (full 0):
 garbage-first heap   total 286720K, used 172816K [0x0000000080000000, 0x0000000100000000)
  region size 1024K, 3 young (3072K), 3 survivors (3072K)
 Metaspace       used 128938K, committed 131264K, reserved 1179648K
  class space    used 16962K, committed 18176K, reserved 1048576K
}
Event: 49.038 GC heap before
{Heap before GC invocations=73 (full 0):
 garbage-first heap   total 286720K, used 252688K [0x0000000080000000, 0x0000000100000000)
  region size 1024K, 82 young (83968K), 3 survivors (3072K)
 Metaspace       used 130234K, committed 132544K, reserved 1179648K
  class space    used 17088K, committed 18240K, reserved 1048576K
}
Event: 49.052 GC heap after
{Heap after GC invocations=74 (full 0):
 garbage-first heap   total 286720K, used 173909K [0x0000000080000000, 0x0000000100000000)
  region size 1024K, 8 young (8192K), 8 survivors (8192K)
 Metaspace       used 130234K, committed 132544K, reserved 1179648K
  class space    used 17088K, committed 18240K, reserved 1048576K
}

